opencv/build/outputs/logs/manifest-merger-debug-report.txt
-- Merging decision tree log ---
manifest
ADDED from opencv/java/AndroidManifest.xml:2:1-4:12
INJECTED from opencv/java/AndroidManifest.xml:2:1-4:12
INJECTED from opencv/java/AndroidManifest.xml:2:1-4:12
INJECTED from opencv/java/AndroidManifest.xml:2:1-4:12
INJECTED from opencv/java/AndroidManifest.xml:2:1-4:12
INJECTED from opencv/java/AndroidManifest.xml:2:1-4:12
INJECTED from opencv/java/AndroidManifest.xml:2:1-4:12
	package
		ADDED from opencv/java/AndroidManifest.xml:3:1-21
		INJECTED from opencv/java/AndroidManifest.xml
		INJECTED from opencv/java/AndroidManifest.xml
	android:versionName
		INJECTED from opencv/java/AndroidManifest.xml
		ADDED from opencv/java/AndroidManifest.xml:2:1-4:12
		INJECTED from opencv/java/AndroidManifest.xml
	android:versionCode
		INJECTED from opencv/java/AndroidManifest.xml
		ADDED from opencv/java/AndroidManifest.xml:2:1-4:12
		INJECTED from opencv/java/AndroidManifest.xml
	xmlns:android
		ADDED from opencv/java/AndroidManifest.xml:2:11-69
uses-sdk
INJECTED from opencv/java/AndroidManifest.xml reason: use-sdk injection requested
INJECTED from opencv/java/AndroidManifest.xml
INJECTED from opencv/java/AndroidManifest.xml
INJECTED from opencv/java/AndroidManifest.xml
INJECTED from opencv/java/AndroidManifest.xml
	android:targetSdkVersion
		INJECTED from opencv/java/AndroidManifest.xml
		ADDED from opencv/java/AndroidManifest.xml
		INJECTED from opencv/java/AndroidManifest.xml
	android:minSdkVersion
		INJECTED from opencv/java/AndroidManifest.xml
		ADDED from opencv/java/AndroidManifest.xml
		INJECTED from opencv/java/AndroidManifest.xml